2017-11-08 12:59:50.5357 [DEBUG] Authenticating with server...
2017-11-08 12:59:50.9132 [DEBUG] Connected to room. (48581:SceneFusion:SceneFusion)
2017-11-08 12:59:50.9162 [INFO] Connected to server.
2017-11-08 12:59:50.9167 [DEBUG] OS : Microsoft Windows NT 10.0.15063.0
2017-11-08 12:59:50.9167 [DEBUG] Unity Version : 2017.1.1f1
2017-11-08 12:59:50.9167 [DEBUG] Pro License : False
2017-11-08 12:59:50.9172 [DEBUG] Platform : WindowsEditor
2017-11-08 12:59:50.9172 [DEBUG] Build Target : StandaloneWindows64
2017-11-08 12:59:50.9172 [DEBUG] Scene Fusion version : 1.6.0
2017-11-08 12:59:50.9172 [DEBUG] User : 
2017-11-08 12:59:50.9722 [DEBUG] Tier: Scene Fusion Free, Permissions: 00000500
2017-11-08 12:59:50.9722 [DEBUG] User Permissions: FFFFFFFF
2017-11-08 12:59:51.1659 [DEBUG] No stand-in for UnityEngine.CustomRenderTexture
2017-11-08 12:59:51.1659 [DEBUG] No stand-in for UnityEngine.U2D.SpriteAtlas
2017-11-08 12:59:51.1659 [DEBUG] No stand-in for UnityEngine.AI.NavMeshData
2017-11-08 12:59:51.1659 [DEBUG] No stand-in for UnityEngine.AvatarMask
2017-11-08 12:59:51.1659 [DEBUG] No stand-in for UnityEngine.Video.VideoClip
2017-11-08 12:59:51.4931 [DEBUG] Uploading scene 'MainScene'
2017-11-08 12:59:51.5547 [DEBUG] Spawn request. (Objects: 2)
2017-11-08 13:03:49.8448 [DEBUG] Refresh token (XFbO7YTJrSrDyef9lDeOtnrBJGFhML1Opksx824urYUJTkMSc6ghydMjOJF2Jw5CxzGkam4Q1ulIca59NjaSD7Pz4ymiiZhISblcPgoS5ROcwDtGe7BZIcWsuykXl971jHMACmNIIeauxdC1IHz8iJfTNQzMFANA9aIo7dbXzfYlP1JpNu3FY3PJMdTrmiOBqZPYabEeJmdRLw0A6Y5eP3iuBGTgOoIrQri6UnEUMacyiGmpHIsRZGGzSZ0dgPc) error: {"err":"Error getting response stream (ReadDone2): ReceiveFailure"}
2017-11-08 13:04:53.6230 [DEBUG] Disconnecting from room (48581:SceneFusion:SceneFusion)
2017-11-08 13:04:53.6255 [INFO] Disconnected from server.
2017-11-08 13:04:53.6255 [DEBUG] Disconnect. (Duration: -693)
